{"/home/lucas/mig/petlove-back/src/routes.ts": {"path":"/home/lucas/mig/petlove-back/src/routes.ts","statementMap":{"0":{"start":{"line":1,"column":0},"end":{"line":1,"column":33}},"1":{"start":{"line":2,"column":0},"end":{"line":2,"column":56}},"2":{"start":{"line":4,"column":15},"end":{"line":4,"column":23}},"3":{"start":{"line":6,"column":0},"end":{"line":6,"column":69}},"4":{"start":{"line":8,"column":0},"end":{"line":8,"column":22}}},"fnMap":{},"branchMap":{},"s":{"0":1,"1":1,"2":1,"3":1,"4":1},"f":{},"b":{}}
,"/home/lucas/mig/petlove-back/src/server.ts": {"path":"/home/lucas/mig/petlove-back/src/server.ts","statementMap":{"0":{"start":{"line":1,"column":0},"end":{"line":1,"column":30}},"1":{"start":{"line":2,"column":0},"end":{"line":2,"column":30}},"2":{"start":{"line":4,"column":12},"end":{"line":4,"column":21}},"3":{"start":{"line":6,"column":0},"end":{"line":6,"column":24}},"4":{"start":{"line":7,"column":0},"end":{"line":7,"column":16}},"5":{"start":{"line":9,"column":15},"end":{"line":9,"column":31}},"6":{"start":{"line":11,"column":0},"end":{"line":11,"column":22}}},"fnMap":{},"branchMap":{},"s":{"0":1,"1":1,"2":1,"3":1,"4":1,"5":1,"6":1},"f":{},"b":{}}
,"/home/lucas/mig/petlove-back/src/config/axios.ts": {"path":"/home/lucas/mig/petlove-back/src/config/axios.ts","statementMap":{"0":{"start":{"line":1,"column":0},"end":{"line":1,"column":26}},"1":{"start":{"line":3,"column":17},"end":{"line":5,"column":2}},"2":{"start":{"line":7,"column":0},"end":{"line":7,"column":24}}},"fnMap":{},"branchMap":{},"s":{"0":1,"1":1,"2":1},"f":{},"b":{}}
,"/home/lucas/mig/petlove-back/src/controllers/CepController.ts": {"path":"/home/lucas/mig/petlove-back/src/controllers/CepController.ts","statementMap":{"0":{"start":{"line":2,"column":0},"end":{"line":2,"column":36}},"1":{"start":{"line":20,"column":21},"end":{"line":20,"column":60}},"2":{"start":{"line":20,"column":38},"end":{"line":20,"column":60}},"3":{"start":{"line":21,"column":21},"end":{"line":21,"column":74}},"4":{"start":{"line":21,"column":48},"end":{"line":21,"column":74}},"5":{"start":{"line":23,"column":0},"end":{"line":60,"column":2}},"6":{"start":{"line":25,"column":17},"end":{"line":25,"column":48}},"7":{"start":{"line":27,"column":26},"end":{"line":27,"column":43}},"8":{"start":{"line":28,"column":25},"end":{"line":28,"column":52}},"9":{"start":{"line":30,"column":4},"end":{"line":33,"column":null}},"10":{"start":{"line":31,"column":6},"end":{"line":31,"column":40}},"11":{"start":{"line":32,"column":6},"end":{"line":32,"column":20}},"12":{"start":{"line":35,"column":4},"end":{"line":35,"column":34}},"13":{"start":{"line":38,"column":26},"end":{"line":38,"column":43}},"14":{"start":{"line":40,"column":4},"end":{"line":58,"column":null}},"15":{"start":{"line":43,"column":18},"end":{"line":43,"column":60}},"16":{"start":{"line":45,"column":6},"end":{"line":45,"column":46}},"17":{"start":{"line":45,"column":16},"end":{"line":45,"column":46}},"18":{"start":{"line":47,"column":27},"end":{"line":52,"column":8}},"19":{"start":{"line":54,"column":6},"end":{"line":54,"column":48}},"20":{"start":{"line":56,"column":6},"end":{"line":56,"column":21}},"21":{"start":{"line":57,"column":6},"end":{"line":57,"column":36}}},"fnMap":{"0":{"name":"(anonymous_1)","decl":{"start":{"line":20,"column":21},"end":{"line":20,"column":22}},"loc":{"start":{"line":20,"column":38},"end":{"line":20,"column":60}}},"1":{"name":"(anonymous_2)","decl":{"start":{"line":21,"column":21},"end":{"line":21,"column":22}},"loc":{"start":{"line":21,"column":48},"end":{"line":21,"column":74}}},"2":{"name":"(anonymous_3)","decl":{"start":{"line":24,"column":2},"end":{"line":24,"column":10}},"loc":{"start":{"line":24,"column":58},"end":{"line":36,"column":3}}},"3":{"name":"(anonymous_4)","decl":{"start":{"line":37,"column":2},"end":{"line":37,"column":7}},"loc":{"start":{"line":37,"column":41},"end":{"line":59,"column":3}}}},"branchMap":{"0":{"loc":{"start":{"line":25,"column":17},"end":{"line":25,"column":42}},"type":"binary-expr","locations":[{"start":{"line":25,"column":17},"end":{"line":25,"column":42}},{"start":{"line":25,"column":46},"end":{"line":25,"column":48}}]},"1":{"loc":{"start":{"line":30,"column":4},"end":{"line":33,"column":null}},"type":"if","locations":[{"start":{"line":30,"column":4},"end":{"line":33,"column":null}},{"start":{"line":30,"column":4},"end":{"line":33,"column":null}}]},"2":{"loc":{"start":{"line":45,"column":6},"end":{"line":45,"column":46}},"type":"if","locations":[{"start":{"line":45,"column":6},"end":{"line":45,"column":46}},{"start":{"line":45,"column":6},"end":{"line":45,"column":46}}]}},"s":{"0":1,"1":1,"2":15,"3":1,"4":15,"5":1,"6":15,"7":15,"8":15,"9":15,"10":9,"11":9,"12":6,"13":9,"14":9,"15":9,"16":9,"17":6,"18":3,"19":3,"20":0,"21":0},"f":{"0":15,"1":15,"2":15,"3":9},"b":{"0":[15,0],"1":[9,6],"2":[6,3]}}
}
