TN:
SF:src/routes.ts
FNF:0
FNH:0
DA:1,1
DA:2,1
DA:4,1
DA:6,1
DA:8,1
LF:5
LH:5
BRF:0
BRH:0
end_of_record
TN:
SF:src/server.ts
FNF:0
FNH:0
DA:1,1
DA:2,1
DA:4,1
DA:6,1
DA:7,1
DA:9,1
DA:11,1
LF:7
LH:7
BRF:0
BRH:0
end_of_record
TN:
SF:src/config/axios.ts
FNF:0
FNH:0
DA:1,1
DA:3,1
DA:7,1
LF:3
LH:3
BRF:0
BRH:0
end_of_record
TN:
SF:src/controllers/CepController.ts
FN:20,(anonymous_1)
FN:21,(anonymous_2)
FN:24,(anonymous_3)
FN:37,(anonymous_4)
FNF:4
FNH:4
FNDA:15,(anonymous_1)
FNDA:15,(anonymous_2)
FNDA:15,(anonymous_3)
FNDA:9,(anonymous_4)
DA:2,1
DA:20,15
DA:21,15
DA:23,1
DA:25,15
DA:27,15
DA:28,15
DA:30,15
DA:31,9
DA:32,9
DA:35,6
DA:38,9
DA:40,9
DA:43,9
DA:45,9
DA:47,3
DA:54,3
DA:56,0
DA:57,0
LF:19
LH:17
BRDA:25,0,0,15
BRDA:25,0,1,0
BRDA:30,1,0,9
BRDA:30,1,1,6
BRDA:45,2,0,6
BRDA:45,2,1,3
BRF:6
BRH:5
end_of_record
